{"D:\\HyperZx2.0\\IUT\\Events\\DevSprint Hackathon '26\\IUT Food WebApp\\services\\identity-provider\\src\\app.js": {"path":"D:\\HyperZx2.0\\IUT\\Events\\DevSprint Hackathon '26\\IUT Food WebApp\\services\\identity-provider\\src\\app.js","statementMap":{"0":{"start":{"line":1,"column":16},"end":{"line":1,"column":34}},"1":{"start":{"line":2,"column":15},"end":{"line":2,"column":32}},"2":{"start":{"line":3,"column":14},"end":{"line":3,"column":32}},"3":{"start":{"line":4,"column":22},"end":{"line":4,"column":41}},"4":{"start":{"line":5,"column":19},"end":{"line":5,"column":43}},"5":{"start":{"line":6,"column":22},"end":{"line":6,"column":49}},"6":{"start":{"line":7,"column":20},"end":{"line":7,"column":45}},"7":{"start":{"line":8,"column":56},"end":{"line":8,"column":83}},"8":{"start":{"line":9,"column":20},"end":{"line":9,"column":45}},"9":{"start":{"line":11,"column":12},"end":{"line":11,"column":21}},"10":{"start":{"line":12,"column":0},"end":{"line":12,"column":18}},"11":{"start":{"line":13,"column":0},"end":{"line":13,"column":24}},"12":{"start":{"line":16,"column":20},"end":{"line":16,"column":40}},"13":{"start":{"line":19,"column":0},"end":{"line":30,"column":3}},"14":{"start":{"line":20,"column":16},"end":{"line":20,"column":26}},"15":{"start":{"line":21,"column":2},"end":{"line":28,"column":5}},"16":{"start":{"line":22,"column":21},"end":{"line":22,"column":39}},"17":{"start":{"line":23,"column":4},"end":{"line":23,"column":20}},"18":{"start":{"line":24,"column":4},"end":{"line":24,"column":28}},"19":{"start":{"line":25,"column":4},"end":{"line":27,"column":5}},"20":{"start":{"line":26,"column":6},"end":{"line":26,"column":22}},"21":{"start":{"line":29,"column":2},"end":{"line":29,"column":9}},"22":{"start":{"line":33,"column":20},"end":{"line":33,"column":63}},"23":{"start":{"line":34,"column":0},"end":{"line":39,"column":3}},"24":{"start":{"line":35,"column":2},"end":{"line":37,"column":3}},"25":{"start":{"line":36,"column":4},"end":{"line":36,"column":18}},"26":{"start":{"line":38,"column":2},"end":{"line":38,"column":73}},"27":{"start":{"line":45,"column":20},"end":{"line":45,"column":38}},"28":{"start":{"line":46,"column":2},"end":{"line":48,"column":3}},"29":{"start":{"line":47,"column":4},"end":{"line":47,"column":18}},"30":{"start":{"line":50,"column":14},"end":{"line":50,"column":38}},"31":{"start":{"line":51,"column":14},"end":{"line":51,"column":24}},"32":{"start":{"line":52,"column":19},"end":{"line":52,"column":24}},"33":{"start":{"line":54,"column":2},"end":{"line":70,"column":3}},"34":{"start":{"line":56,"column":18},"end":{"line":56,"column":37}},"35":{"start":{"line":57,"column":4},"end":{"line":57,"column":51}},"36":{"start":{"line":58,"column":4},"end":{"line":58,"column":21}},"37":{"start":{"line":59,"column":4},"end":{"line":59,"column":52}},"38":{"start":{"line":60,"column":4},"end":{"line":60,"column":26}},"39":{"start":{"line":61,"column":20},"end":{"line":61,"column":38}},"40":{"start":{"line":63,"column":18},"end":{"line":63,"column":31}},"41":{"start":{"line":64,"column":4},"end":{"line":66,"column":5}},"42":{"start":{"line":65,"column":6},"end":{"line":65,"column":98}},"43":{"start":{"line":68,"column":4},"end":{"line":68,"column":78}},"44":{"start":{"line":72,"column":2},"end":{"line":72,"column":9}},"45":{"start":{"line":76,"column":0},"end":{"line":76,"column":41}},"46":{"start":{"line":78,"column":0},"end":{"line":78,"column":29}},"47":{"start":{"line":79,"column":0},"end":{"line":79,"column":28}},"48":{"start":{"line":80,"column":0},"end":{"line":80,"column":31}},"49":{"start":{"line":82,"column":0},"end":{"line":82,"column":21}},"50":{"start":{"line":83,"column":0},"end":{"line":83,"column":41}}},"fnMap":{"0":{"name":"(anonymous_0)","decl":{"start":{"line":19,"column":8},"end":{"line":19,"column":9}},"loc":{"start":{"line":19,"column":28},"end":{"line":30,"column":1}},"line":19},"1":{"name":"(anonymous_1)","decl":{"start":{"line":21,"column":19},"end":{"line":21,"column":20}},"loc":{"start":{"line":21,"column":25},"end":{"line":28,"column":3}},"line":21},"2":{"name":"(anonymous_2)","decl":{"start":{"line":34,"column":8},"end":{"line":34,"column":9}},"loc":{"start":{"line":34,"column":28},"end":{"line":39,"column":1}},"line":34},"3":{"name":"redisRateLimiter","decl":{"start":{"line":44,"column":15},"end":{"line":44,"column":31}},"loc":{"start":{"line":44,"column":48},"end":{"line":73,"column":1}},"line":44}},"branchMap":{"0":{"loc":{"start":{"line":25,"column":4},"end":{"line":27,"column":5}},"type":"if","locations":[{"start":{"line":25,"column":4},"end":{"line":27,"column":5}},{"start":{},"end":{}}],"line":25},"1":{"loc":{"start":{"line":35,"column":2},"end":{"line":37,"column":3}},"type":"if","locations":[{"start":{"line":35,"column":2},"end":{"line":37,"column":3}},{"start":{},"end":{}}],"line":35},"2":{"loc":{"start":{"line":35,"column":6},"end":{"line":35,"column":49}},"type":"binary-expr","locations":[{"start":{"line":35,"column":6},"end":{"line":35,"column":15}},{"start":{"line":35,"column":19},"end":{"line":35,"column":49}}],"line":35},"3":{"loc":{"start":{"line":46,"column":2},"end":{"line":48,"column":3}},"type":"if","locations":[{"start":{"line":46,"column":2},"end":{"line":48,"column":3}},{"start":{},"end":{}}],"line":46},"4":{"loc":{"start":{"line":64,"column":4},"end":{"line":66,"column":5}},"type":"if","locations":[{"start":{"line":64,"column":4},"end":{"line":66,"column":5}},{"start":{},"end":{}}],"line":64}},"s":{"0":1,"1":1,"2":1,"3":1,"4":1,"5":1,"6":1,"7":1,"8":1,"9":1,"10":1,"11":1,"12":1,"13":1,"14":0,"15":0,"16":0,"17":0,"18":0,"19":0,"20":0,"21":0,"22":1,"23":1,"24":0,"25":0,"26":0,"27":0,"28":0,"29":0,"30":0,"31":0,"32":0,"33":0,"34":0,"35":0,"36":0,"37":0,"38":0,"39":0,"40":0,"41":0,"42":0,"43":0,"44":0,"45":1,"46":1,"47":1,"48":1,"49":1,"50":1},"f":{"0":0,"1":0,"2":0,"3":0},"b":{"0":[0,0],"1":[0,0],"2":[0,0],"3":[0,0],"4":[0,0]},"_coverageSchema":"1a1c01bbd47fc00a2c39e90264f33305004495a9","hash":"bd0f47373710f7ef95f2643cbc468b91f3a06175"}
,"D:\\HyperZx2.0\\IUT\\Events\\DevSprint Hackathon '26\\IUT Food WebApp\\services\\identity-provider\\src\\auth.js": {"path":"D:\\HyperZx2.0\\IUT\\Events\\DevSprint Hackathon '26\\IUT Food WebApp\\services\\identity-provider\\src\\auth.js","statementMap":{"0":{"start":{"line":1,"column":12},"end":{"line":1,"column":35}},"1":{"start":{"line":2,"column":23},"end":{"line":2,"column":42}},"2":{"start":{"line":5,"column":2},"end":{"line":5,"column":60}},"3":{"start":{"line":9,"column":2},"end":{"line":13,"column":3}},"4":{"start":{"line":10,"column":4},"end":{"line":10,"column":41}},"5":{"start":{"line":12,"column":4},"end":{"line":12,"column":16}},"6":{"start":{"line":16,"column":0},"end":{"line":16,"column":44}}},"fnMap":{"0":{"name":"signToken","decl":{"start":{"line":4,"column":9},"end":{"line":4,"column":18}},"loc":{"start":{"line":4,"column":28},"end":{"line":6,"column":1}},"line":4},"1":{"name":"verifyToken","decl":{"start":{"line":8,"column":9},"end":{"line":8,"column":20}},"loc":{"start":{"line":8,"column":28},"end":{"line":14,"column":1}},"line":8}},"branchMap":{},"s":{"0":1,"1":1,"2":0,"3":0,"4":0,"5":0,"6":1},"f":{"0":0,"1":0},"b":{},"_coverageSchema":"1a1c01bbd47fc00a2c39e90264f33305004495a9","hash":"bfd3e0e22b9de319a9e6c9185f07f6831e9e1a5b"}
,"D:\\HyperZx2.0\\IUT\\Events\\DevSprint Hackathon '26\\IUT Food WebApp\\services\\identity-provider\\src\\config.js": {"path":"D:\\HyperZx2.0\\IUT\\Events\\DevSprint Hackathon '26\\IUT Food WebApp\\services\\identity-provider\\src\\config.js","statementMap":{"0":{"start":{"line":1,"column":15},"end":{"line":1,"column":32}},"1":{"start":{"line":3,"column":0},"end":{"line":3,"column":16}},"2":{"start":{"line":5,"column":0},"end":{"line":10,"column":2}}},"fnMap":{},"branchMap":{"0":{"loc":{"start":{"line":6,"column":8},"end":{"line":6,"column":32}},"type":"binary-expr","locations":[{"start":{"line":6,"column":8},"end":{"line":6,"column":24}},{"start":{"line":6,"column":28},"end":{"line":6,"column":32}}],"line":6},"1":{"loc":{"start":{"line":7,"column":14},"end":{"line":7,"column":60}},"type":"binary-expr","locations":[{"start":{"line":7,"column":14},"end":{"line":7,"column":36}},{"start":{"line":7,"column":40},"end":{"line":7,"column":60}}],"line":7},"2":{"loc":{"start":{"line":8,"column":13},"end":{"line":8,"column":62}},"type":"binary-expr","locations":[{"start":{"line":8,"column":13},"end":{"line":8,"column":34}},{"start":{"line":8,"column":38},"end":{"line":8,"column":62}}],"line":8},"3":{"loc":{"start":{"line":9,"column":16},"end":{"line":9,"column":101}},"type":"binary-expr","locations":[{"start":{"line":9,"column":16},"end":{"line":9,"column":40}},{"start":{"line":9,"column":44},"end":{"line":9,"column":101}}],"line":9}},"s":{"0":1,"1":1,"2":1},"f":{},"b":{"0":[1,1],"1":[1,1],"2":[1,1],"3":[1,1]},"_coverageSchema":"1a1c01bbd47fc00a2c39e90264f33305004495a9","hash":"440e49c48368e0f2cc16af0ee9c9acb27194bd53"}
,"D:\\HyperZx2.0\\IUT\\Events\\DevSprint Hackathon '26\\IUT Food WebApp\\services\\identity-provider\\src\\db.js": {"path":"D:\\HyperZx2.0\\IUT\\Events\\DevSprint Hackathon '26\\IUT Food WebApp\\services\\identity-provider\\src\\db.js","statementMap":{"0":{"start":{"line":1,"column":17},"end":{"line":1,"column":30}},"1":{"start":{"line":2,"column":25},"end":{"line":2,"column":44}},"2":{"start":{"line":4,"column":13},"end":{"line":6,"column":2}},"3":{"start":{"line":10,"column":2},"end":{"line":18,"column":5}},"4":{"start":{"line":20,"column":2},"end":{"line":26,"column":5}},"5":{"start":{"line":28,"column":2},"end":{"line":31,"column":5}},"6":{"start":{"line":34,"column":0},"end":{"line":36,"column":3}},"7":{"start":{"line":35,"column":2},"end":{"line":35,"column":55}},"8":{"start":{"line":38,"column":0},"end":{"line":41,"column":2}},"9":{"start":{"line":39,"column":27},"end":{"line":39,"column":51}}},"fnMap":{"0":{"name":"init","decl":{"start":{"line":9,"column":15},"end":{"line":9,"column":19}},"loc":{"start":{"line":9,"column":22},"end":{"line":32,"column":1}},"line":9},"1":{"name":"(anonymous_1)","decl":{"start":{"line":34,"column":13},"end":{"line":34,"column":14}},"loc":{"start":{"line":34,"column":20},"end":{"line":36,"column":1}},"line":34},"2":{"name":"(anonymous_2)","decl":{"start":{"line":39,"column":9},"end":{"line":39,"column":10}},"loc":{"start":{"line":39,"column":27},"end":{"line":39,"column":51}},"line":39}},"branchMap":{},"s":{"0":1,"1":1,"2":1,"3":1,"4":0,"5":0,"6":1,"7":1,"8":1,"9":1},"f":{"0":1,"1":1,"2":1},"b":{},"_coverageSchema":"1a1c01bbd47fc00a2c39e90264f33305004495a9","hash":"dc32465c01d648cd7c1c225815b845394a5b6728"}
,"D:\\HyperZx2.0\\IUT\\Events\\DevSprint Hackathon '26\\IUT Food WebApp\\services\\identity-provider\\src\\serviceState.js": {"path":"D:\\HyperZx2.0\\IUT\\Events\\DevSprint Hackathon '26\\IUT Food WebApp\\services\\identity-provider\\src\\serviceState.js","statementMap":{"0":{"start":{"line":1,"column":19},"end":{"line":1,"column":23}},"1":{"start":{"line":4,"column":2},"end":{"line":4,"column":22}},"2":{"start":{"line":8,"column":2},"end":{"line":8,"column":23}},"3":{"start":{"line":12,"column":2},"end":{"line":12,"column":22}},"4":{"start":{"line":15,"column":0},"end":{"line":15,"column":43}}},"fnMap":{"0":{"name":"isAlive","decl":{"start":{"line":3,"column":9},"end":{"line":3,"column":16}},"loc":{"start":{"line":3,"column":19},"end":{"line":5,"column":1}},"line":3},"1":{"name":"kill","decl":{"start":{"line":7,"column":9},"end":{"line":7,"column":13}},"loc":{"start":{"line":7,"column":16},"end":{"line":9,"column":1}},"line":7},"2":{"name":"revive","decl":{"start":{"line":11,"column":9},"end":{"line":11,"column":15}},"loc":{"start":{"line":11,"column":18},"end":{"line":13,"column":1}},"line":11}},"branchMap":{},"s":{"0":1,"1":0,"2":0,"3":0,"4":1},"f":{"0":0,"1":0,"2":0},"b":{},"_coverageSchema":"1a1c01bbd47fc00a2c39e90264f33305004495a9","hash":"e3dfdb42a4b155d19651db02b3a5dbf2f84c796a"}
,"D:\\HyperZx2.0\\IUT\\Events\\DevSprint Hackathon '26\\IUT Food WebApp\\services\\identity-provider\\src\\students.js": {"path":"D:\\HyperZx2.0\\IUT\\Events\\DevSprint Hackathon '26\\IUT Food WebApp\\services\\identity-provider\\src\\students.js","statementMap":{"0":{"start":{"line":1,"column":11},"end":{"line":1,"column":26}},"1":{"start":{"line":5,"column":4},"end":{"line":16,"column":5}},"2":{"start":{"line":6,"column":23},"end":{"line":9,"column":9}},"3":{"start":{"line":10,"column":8},"end":{"line":10,"column":30}},"4":{"start":{"line":12,"column":8},"end":{"line":14,"column":9}},"5":{"start":{"line":13,"column":12},"end":{"line":13,"column":24}},"6":{"start":{"line":15,"column":8},"end":{"line":15,"column":18}},"7":{"start":{"line":21,"column":19},"end":{"line":24,"column":5}},"8":{"start":{"line":25,"column":4},"end":{"line":25,"column":34}},"9":{"start":{"line":28,"column":0},"end":{"line":28,"column":48}}},"fnMap":{"0":{"name":"createStudent","decl":{"start":{"line":4,"column":15},"end":{"line":4,"column":28}},"loc":{"start":{"line":4,"column":60},"end":{"line":17,"column":1}},"line":4},"1":{"name":"findStudent","decl":{"start":{"line":20,"column":15},"end":{"line":20,"column":26}},"loc":{"start":{"line":20,"column":38},"end":{"line":26,"column":1}},"line":20}},"branchMap":{"0":{"loc":{"start":{"line":12,"column":8},"end":{"line":14,"column":9}},"type":"if","locations":[{"start":{"line":12,"column":8},"end":{"line":14,"column":9}},{"start":{},"end":{}}],"line":12},"1":{"loc":{"start":{"line":25,"column":11},"end":{"line":25,"column":33}},"type":"binary-expr","locations":[{"start":{"line":25,"column":11},"end":{"line":25,"column":25}},{"start":{"line":25,"column":29},"end":{"line":25,"column":33}}],"line":25}},"s":{"0":1,"1":0,"2":0,"3":0,"4":0,"5":0,"6":0,"7":0,"8":0,"9":1},"f":{"0":0,"1":0},"b":{"0":[0,0],"1":[0,0]},"_coverageSchema":"1a1c01bbd47fc00a2c39e90264f33305004495a9","hash":"7e6f4ad57820b1038313b925cf977f6a56869d7b"}
,"D:\\HyperZx2.0\\IUT\\Events\\DevSprint Hackathon '26\\IUT Food WebApp\\services\\identity-provider\\src\\routes\\admin.js": {"path":"D:\\HyperZx2.0\\IUT\\Events\\DevSprint Hackathon '26\\IUT Food WebApp\\services\\identity-provider\\src\\routes\\admin.js","statementMap":{"0":{"start":{"line":1,"column":16},"end":{"line":1,"column":34}},"1":{"start":{"line":2,"column":25},"end":{"line":2,"column":51}},"2":{"start":{"line":4,"column":15},"end":{"line":4,"column":31}},"3":{"start":{"line":9,"column":0},"end":{"line":12,"column":3}},"4":{"start":{"line":10,"column":2},"end":{"line":10,"column":9}},"5":{"start":{"line":11,"column":2},"end":{"line":11,"column":45}},"6":{"start":{"line":14,"column":0},"end":{"line":17,"column":3}},"7":{"start":{"line":15,"column":2},"end":{"line":15,"column":11}},"8":{"start":{"line":16,"column":2},"end":{"line":16,"column":44}},"9":{"start":{"line":19,"column":0},"end":{"line":19,"column":24}}},"fnMap":{"0":{"name":"(anonymous_0)","decl":{"start":{"line":9,"column":21},"end":{"line":9,"column":22}},"loc":{"start":{"line":9,"column":35},"end":{"line":12,"column":1}},"line":9},"1":{"name":"(anonymous_1)","decl":{"start":{"line":14,"column":23},"end":{"line":14,"column":24}},"loc":{"start":{"line":14,"column":37},"end":{"line":17,"column":1}},"line":14}},"branchMap":{},"s":{"0":1,"1":1,"2":1,"3":1,"4":0,"5":0,"6":1,"7":0,"8":0,"9":1},"f":{"0":0,"1":0},"b":{},"_coverageSchema":"1a1c01bbd47fc00a2c39e90264f33305004495a9","hash":"fa5b1a64f176afa000afd47cf5ce681595bbeb66"}
,"D:\\HyperZx2.0\\IUT\\Events\\DevSprint Hackathon '26\\IUT Food WebApp\\services\\identity-provider\\src\\routes\\auth.js": {"path":"D:\\HyperZx2.0\\IUT\\Events\\DevSprint Hackathon '26\\IUT Food WebApp\\services\\identity-provider\\src\\routes\\auth.js","statementMap":{"0":{"start":{"line":1,"column":16},"end":{"line":1,"column":34}},"1":{"start":{"line":2,"column":15},"end":{"line":2,"column":32}},"2":{"start":{"line":3,"column":22},"end":{"line":3,"column":40}},"3":{"start":{"line":4,"column":39},"end":{"line":4,"column":61}},"4":{"start":{"line":5,"column":22},"end":{"line":5,"column":42}},"5":{"start":{"line":7,"column":15},"end":{"line":7,"column":31}},"6":{"start":{"line":10,"column":0},"end":{"line":23,"column":3}},"7":{"start":{"line":11,"column":40},"end":{"line":11,"column":48}},"8":{"start":{"line":12,"column":2},"end":{"line":14,"column":3}},"9":{"start":{"line":13,"column":4},"end":{"line":13,"column":85}},"10":{"start":{"line":15,"column":15},"end":{"line":15,"column":46}},"11":{"start":{"line":16,"column":18},"end":{"line":16,"column":60}},"12":{"start":{"line":17,"column":2},"end":{"line":19,"column":3}},"13":{"start":{"line":18,"column":4},"end":{"line":18,"column":66}},"14":{"start":{"line":20,"column":2},"end":{"line":20,"column":29}},"15":{"start":{"line":21,"column":16},"end":{"line":21,"column":51}},"16":{"start":{"line":22,"column":2},"end":{"line":22,"column":52}},"17":{"start":{"line":26,"column":0},"end":{"line":44,"column":3}},"18":{"start":{"line":27,"column":34},"end":{"line":27,"column":42}},"19":{"start":{"line":28,"column":2},"end":{"line":30,"column":3}},"20":{"start":{"line":29,"column":4},"end":{"line":29,"column":78}},"21":{"start":{"line":31,"column":18},"end":{"line":31,"column":46}},"22":{"start":{"line":32,"column":2},"end":{"line":35,"column":3}},"23":{"start":{"line":33,"column":4},"end":{"line":33,"column":26}},"24":{"start":{"line":34,"column":4},"end":{"line":34,"column":66}},"25":{"start":{"line":36,"column":16},"end":{"line":36,"column":69}},"26":{"start":{"line":37,"column":2},"end":{"line":40,"column":3}},"27":{"start":{"line":38,"column":4},"end":{"line":38,"column":26}},"28":{"start":{"line":39,"column":4},"end":{"line":39,"column":66}},"29":{"start":{"line":41,"column":2},"end":{"line":41,"column":22}},"30":{"start":{"line":42,"column":16},"end":{"line":42,"column":65}},"31":{"start":{"line":43,"column":2},"end":{"line":43,"column":69}},"32":{"start":{"line":46,"column":0},"end":{"line":46,"column":24}}},"fnMap":{"0":{"name":"(anonymous_0)","decl":{"start":{"line":10,"column":25},"end":{"line":10,"column":26}},"loc":{"start":{"line":10,"column":45},"end":{"line":23,"column":1}},"line":10},"1":{"name":"(anonymous_1)","decl":{"start":{"line":26,"column":22},"end":{"line":26,"column":23}},"loc":{"start":{"line":26,"column":42},"end":{"line":44,"column":1}},"line":26}},"branchMap":{"0":{"loc":{"start":{"line":12,"column":2},"end":{"line":14,"column":3}},"type":"if","locations":[{"start":{"line":12,"column":2},"end":{"line":14,"column":3}},{"start":{},"end":{}}],"line":12},"1":{"loc":{"start":{"line":12,"column":6},"end":{"line":12,"column":38}},"type":"binary-expr","locations":[{"start":{"line":12,"column":6},"end":{"line":12,"column":16}},{"start":{"line":12,"column":20},"end":{"line":12,"column":25}},{"start":{"line":12,"column":29},"end":{"line":12,"column":38}}],"line":12},"2":{"loc":{"start":{"line":17,"column":2},"end":{"line":19,"column":3}},"type":"if","locations":[{"start":{"line":17,"column":2},"end":{"line":19,"column":3}},{"start":{},"end":{}}],"line":17},"3":{"loc":{"start":{"line":28,"column":2},"end":{"line":30,"column":3}},"type":"if","locations":[{"start":{"line":28,"column":2},"end":{"line":30,"column":3}},{"start":{},"end":{}}],"line":28},"4":{"loc":{"start":{"line":28,"column":6},"end":{"line":28,"column":29}},"type":"binary-expr","locations":[{"start":{"line":28,"column":6},"end":{"line":28,"column":16}},{"start":{"line":28,"column":20},"end":{"line":28,"column":29}}],"line":28},"5":{"loc":{"start":{"line":32,"column":2},"end":{"line":35,"column":3}},"type":"if","locations":[{"start":{"line":32,"column":2},"end":{"line":35,"column":3}},{"start":{},"end":{}}],"line":32},"6":{"loc":{"start":{"line":37,"column":2},"end":{"line":40,"column":3}},"type":"if","locations":[{"start":{"line":37,"column":2},"end":{"line":40,"column":3}},{"start":{},"end":{}}],"line":37}},"s":{"0":1,"1":1,"2":1,"3":1,"4":1,"5":1,"6":1,"7":0,"8":0,"9":0,"10":0,"11":0,"12":0,"13":0,"14":0,"15":0,"16":0,"17":1,"18":0,"19":0,"20":0,"21":0,"22":0,"23":0,"24":0,"25":0,"26":0,"27":0,"28":0,"29":0,"30":0,"31":0,"32":1},"f":{"0":0,"1":0},"b":{"0":[0,0],"1":[0,0,0],"2":[0,0],"3":[0,0],"4":[0,0],"5":[0,0],"6":[0,0]},"_coverageSchema":"1a1c01bbd47fc00a2c39e90264f33305004495a9","hash":"444191301afcc584b3eb13e0f9a7b300f84c28ce"}
,"D:\\HyperZx2.0\\IUT\\Events\\DevSprint Hackathon '26\\IUT Food WebApp\\services\\identity-provider\\src\\routes\\monitor.js": {"path":"D:\\HyperZx2.0\\IUT\\Events\\DevSprint Hackathon '26\\IUT Food WebApp\\services\\identity-provider\\src\\routes\\monitor.js","statementMap":{"0":{"start":{"line":1,"column":16},"end":{"line":1,"column":34}},"1":{"start":{"line":2,"column":11},"end":{"line":2,"column":27}},"2":{"start":{"line":3,"column":14},"end":{"line":3,"column":32}},"3":{"start":{"line":4,"column":22},"end":{"line":4,"column":42}},"4":{"start":{"line":6,"column":15},"end":{"line":6,"column":31}},"5":{"start":{"line":8,"column":18},"end":{"line":8,"column":28}},"6":{"start":{"line":9,"column":18},"end":{"line":9,"column":20}},"7":{"start":{"line":10,"column":28},"end":{"line":10,"column":32}},"8":{"start":{"line":12,"column":20},"end":{"line":12,"column":21}},"9":{"start":{"line":13,"column":21},"end":{"line":13,"column":22}},"10":{"start":{"line":14,"column":20},"end":{"line":14,"column":21}},"11":{"start":{"line":15,"column":13},"end":{"line":15,"column":14}},"12":{"start":{"line":16,"column":15},"end":{"line":16,"column":16}},"13":{"start":{"line":19,"column":26},"end":{"line":19,"column":28}},"14":{"start":{"line":22,"column":2},"end":{"line":24,"column":45}},"15":{"start":{"line":22,"column":34},"end":{"line":22,"column":50}},"16":{"start":{"line":23,"column":7},"end":{"line":24,"column":45}},"17":{"start":{"line":23,"column":32},"end":{"line":23,"column":41}},"18":{"start":{"line":24,"column":7},"end":{"line":24,"column":45}},"19":{"start":{"line":24,"column":34},"end":{"line":24,"column":45}},"20":{"start":{"line":28,"column":2},"end":{"line":28,"column":18}},"21":{"start":{"line":29,"column":14},"end":{"line":29,"column":24}},"22":{"start":{"line":30,"column":2},"end":{"line":30,"column":30}},"23":{"start":{"line":32,"column":2},"end":{"line":34,"column":3}},"24":{"start":{"line":33,"column":4},"end":{"line":33,"column":30}},"25":{"start":{"line":38,"column":2},"end":{"line":38,"column":19}},"26":{"start":{"line":42,"column":2},"end":{"line":42,"column":21}},"27":{"start":{"line":43,"column":2},"end":{"line":45,"column":3}},"28":{"start":{"line":44,"column":4},"end":{"line":44,"column":22}},"29":{"start":{"line":49,"column":14},"end":{"line":49,"column":24}},"30":{"start":{"line":50,"column":17},"end":{"line":50,"column":64}},"31":{"start":{"line":50,"column":47},"end":{"line":50,"column":63}},"32":{"start":{"line":51,"column":2},"end":{"line":51,"column":48}},"33":{"start":{"line":55,"column":2},"end":{"line":55,"column":39}},"34":{"start":{"line":55,"column":30},"end":{"line":55,"column":39}},"35":{"start":{"line":56,"column":14},"end":{"line":56,"column":50}},"36":{"start":{"line":56,"column":41},"end":{"line":56,"column":46}},"37":{"start":{"line":57,"column":2},"end":{"line":57,"column":44}},"38":{"start":{"line":61,"column":2},"end":{"line":61,"column":39}},"39":{"start":{"line":61,"column":30},"end":{"line":61,"column":39}},"40":{"start":{"line":62,"column":17},"end":{"line":62,"column":53}},"41":{"start":{"line":62,"column":47},"end":{"line":62,"column":52}},"42":{"start":{"line":63,"column":14},"end":{"line":63,"column":49}},"43":{"start":{"line":64,"column":2},"end":{"line":64,"column":34}},"44":{"start":{"line":68,"column":0},"end":{"line":99,"column":3}},"45":{"start":{"line":69,"column":15},"end":{"line":69,"column":46}},"46":{"start":{"line":70,"column":15},"end":{"line":70,"column":19}},"47":{"start":{"line":73,"column":2},"end":{"line":78,"column":3}},"48":{"start":{"line":74,"column":4},"end":{"line":74,"column":31}},"49":{"start":{"line":76,"column":4},"end":{"line":76,"column":27}},"50":{"start":{"line":77,"column":4},"end":{"line":77,"column":24}},"51":{"start":{"line":81,"column":2},"end":{"line":88,"column":3}},"52":{"start":{"line":82,"column":18},"end":{"line":82,"column":38}},"53":{"start":{"line":83,"column":4},"end":{"line":83,"column":23}},"54":{"start":{"line":84,"column":4},"end":{"line":84,"column":23}},"55":{"start":{"line":86,"column":4},"end":{"line":86,"column":24}},"56":{"start":{"line":87,"column":4},"end":{"line":87,"column":24}},"57":{"start":{"line":90,"column":24},"end":{"line":90,"column":67}},"58":{"start":{"line":91,"column":21},"end":{"line":91,"column":48}},"59":{"start":{"line":93,"column":2},"end":{"line":98,"column":5}},"60":{"start":{"line":102,"column":0},"end":{"line":118,"column":3}},"61":{"start":{"line":103,"column":24},"end":{"line":103,"column":67}},"62":{"start":{"line":104,"column":2},"end":{"line":117,"column":5}},"63":{"start":{"line":120,"column":0},"end":{"line":120,"column":24}},"64":{"start":{"line":121,"column":0},"end":{"line":121,"column":37}},"65":{"start":{"line":122,"column":0},"end":{"line":122,"column":45}},"66":{"start":{"line":123,"column":0},"end":{"line":123,"column":45}},"67":{"start":{"line":124,"column":0},"end":{"line":124,"column":45}}},"fnMap":{"0":{"name":"increment","decl":{"start":{"line":21,"column":9},"end":{"line":21,"column":18}},"loc":{"start":{"line":21,"column":27},"end":{"line":25,"column":1}},"line":21},"1":{"name":"recordRequest","decl":{"start":{"line":27,"column":9},"end":{"line":27,"column":22}},"loc":{"start":{"line":27,"column":25},"end":{"line":35,"column":1}},"line":27},"2":{"name":"recordFailure","decl":{"start":{"line":37,"column":9},"end":{"line":37,"column":22}},"loc":{"start":{"line":37,"column":25},"end":{"line":39,"column":1}},"line":37},"3":{"name":"recordLatency","decl":{"start":{"line":41,"column":9},"end":{"line":41,"column":22}},"loc":{"start":{"line":41,"column":27},"end":{"line":46,"column":1}},"line":41},"4":{"name":"getOrdersPerMinute","decl":{"start":{"line":48,"column":9},"end":{"line":48,"column":27}},"loc":{"start":{"line":48,"column":30},"end":{"line":52,"column":1}},"line":48},"5":{"name":"(anonymous_5)","decl":{"start":{"line":50,"column":42},"end":{"line":50,"column":43}},"loc":{"start":{"line":50,"column":47},"end":{"line":50,"column":63}},"line":50},"6":{"name":"getAverageLatency","decl":{"start":{"line":54,"column":9},"end":{"line":54,"column":26}},"loc":{"start":{"line":54,"column":29},"end":{"line":58,"column":1}},"line":54},"7":{"name":"(anonymous_7)","decl":{"start":{"line":56,"column":31},"end":{"line":56,"column":32}},"loc":{"start":{"line":56,"column":41},"end":{"line":56,"column":46}},"line":56},"8":{"name":"getP99Latency","decl":{"start":{"line":60,"column":9},"end":{"line":60,"column":22}},"loc":{"start":{"line":60,"column":25},"end":{"line":65,"column":1}},"line":60},"9":{"name":"(anonymous_9)","decl":{"start":{"line":62,"column":37},"end":{"line":62,"column":38}},"loc":{"start":{"line":62,"column":47},"end":{"line":62,"column":52}},"line":62},"10":{"name":"(anonymous_10)","decl":{"start":{"line":68,"column":22},"end":{"line":68,"column":23}},"loc":{"start":{"line":68,"column":42},"end":{"line":99,"column":1}},"line":68},"11":{"name":"(anonymous_11)","decl":{"start":{"line":102,"column":23},"end":{"line":102,"column":24}},"loc":{"start":{"line":102,"column":37},"end":{"line":118,"column":1}},"line":102}},"branchMap":{"0":{"loc":{"start":{"line":22,"column":2},"end":{"line":24,"column":45}},"type":"if","locations":[{"start":{"line":22,"column":2},"end":{"line":24,"column":45}},{"start":{"line":23,"column":7},"end":{"line":24,"column":45}}],"line":22},"1":{"loc":{"start":{"line":23,"column":7},"end":{"line":24,"column":45}},"type":"if","locations":[{"start":{"line":23,"column":7},"end":{"line":24,"column":45}},{"start":{"line":24,"column":7},"end":{"line":24,"column":45}}],"line":23},"2":{"loc":{"start":{"line":24,"column":7},"end":{"line":24,"column":45}},"type":"if","locations":[{"start":{"line":24,"column":7},"end":{"line":24,"column":45}},{"start":{},"end":{}}],"line":24},"3":{"loc":{"start":{"line":32,"column":9},"end":{"line":32,"column":75}},"type":"binary-expr","locations":[{"start":{"line":32,"column":9},"end":{"line":32,"column":37}},{"start":{"line":32,"column":41},"end":{"line":32,"column":75}}],"line":32},"4":{"loc":{"start":{"line":43,"column":2},"end":{"line":45,"column":3}},"type":"if","locations":[{"start":{"line":43,"column":2},"end":{"line":45,"column":3}},{"start":{},"end":{}}],"line":43},"5":{"loc":{"start":{"line":55,"column":2},"end":{"line":55,"column":39}},"type":"if","locations":[{"start":{"line":55,"column":2},"end":{"line":55,"column":39}},{"start":{},"end":{}}],"line":55},"6":{"loc":{"start":{"line":61,"column":2},"end":{"line":61,"column":39}},"type":"if","locations":[{"start":{"line":61,"column":2},"end":{"line":61,"column":39}},{"start":{},"end":{}}],"line":61},"7":{"loc":{"start":{"line":91,"column":21},"end":{"line":91,"column":48}},"type":"cond-expr","locations":[{"start":{"line":91,"column":39},"end":{"line":91,"column":42}},{"start":{"line":91,"column":45},"end":{"line":91,"column":48}}],"line":91}},"s":{"0":1,"1":1,"2":1,"3":1,"4":1,"5":1,"6":1,"7":1,"8":1,"9":1,"10":1,"11":1,"12":1,"13":1,"14":0,"15":0,"16":0,"17":0,"18":0,"19":0,"20":0,"21":0,"22":0,"23":0,"24":0,"25":0,"26":0,"27":0,"28":0,"29":0,"30":0,"31":0,"32":0,"33":0,"34":0,"35":0,"36":0,"37":0,"38":0,"39":0,"40":0,"41":0,"42":0,"43":0,"44":1,"45":0,"46":0,"47":0,"48":0,"49":0,"50":0,"51":0,"52":0,"53":0,"54":0,"55":0,"56":0,"57":0,"58":0,"59":0,"60":1,"61":0,"62":0,"63":1,"64":1,"65":1,"66":1,"67":1},"f":{"0":0,"1":0,"2":0,"3":0,"4":0,"5":0,"6":0,"7":0,"8":0,"9":0,"10":0,"11":0},"b":{"0":[0,0],"1":[0,0],"2":[0,0],"3":[0,0],"4":[0,0],"5":[0,0],"6":[0,0],"7":[0,0]},"_coverageSchema":"1a1c01bbd47fc00a2c39e90264f33305004495a9","hash":"c2bcc98479a7d43ab619774414f7fa419b009e1f"}
}
