{"D:\\HyperZx2.0\\IUT\\Events\\DevSprint Hackathon '26\\IUT Food WebApp\\services\\identity-provider\\shared\\configValidator.js": {"path":"D:\\HyperZx2.0\\IUT\\Events\\DevSprint Hackathon '26\\IUT Food WebApp\\services\\identity-provider\\shared\\configValidator.js","statementMap":{"0":{"start":{"line":6,"column":18},"end":{"line":6,"column":61}},"1":{"start":{"line":6,"column":43},"end":{"line":6,"column":60}},"2":{"start":{"line":7,"column":2},"end":{"line":10,"column":3}},"3":{"start":{"line":8,"column":4},"end":{"line":8,"column":81}},"4":{"start":{"line":9,"column":4},"end":{"line":9,"column":20}},"5":{"start":{"line":12,"column":0},"end":{"line":12,"column":33}}},"fnMap":{"0":{"name":"validateEnv","decl":{"start":{"line":5,"column":9},"end":{"line":5,"column":20}},"loc":{"start":{"line":5,"column":31},"end":{"line":11,"column":1}},"line":5},"1":{"name":"(anonymous_1)","decl":{"start":{"line":6,"column":34},"end":{"line":6,"column":35}},"loc":{"start":{"line":6,"column":43},"end":{"line":6,"column":60}},"line":6}},"branchMap":{"0":{"loc":{"start":{"line":7,"column":2},"end":{"line":10,"column":3}},"type":"if","locations":[{"start":{"line":7,"column":2},"end":{"line":10,"column":3}},{"start":{},"end":{}}],"line":7}},"s":{"0":1,"1":3,"2":1,"3":0,"4":0,"5":1},"f":{"0":1,"1":3},"b":{"0":[0,1]},"_coverageSchema":"1a1c01bbd47fc00a2c39e90264f33305004495a9","hash":"108b5407d8dfae84e3b34ccf09324ab0028ca6a0"}
,"D:\\HyperZx2.0\\IUT\\Events\\DevSprint Hackathon '26\\IUT Food WebApp\\services\\identity-provider\\shared\\metrics.js": {"path":"D:\\HyperZx2.0\\IUT\\Events\\DevSprint Hackathon '26\\IUT Food WebApp\\services\\identity-provider\\shared\\metrics.js","statementMap":{"0":{"start":{"line":1,"column":18},"end":{"line":1,"column":28}},"1":{"start":{"line":2,"column":18},"end":{"line":2,"column":20}},"2":{"start":{"line":3,"column":28},"end":{"line":3,"column":32}},"3":{"start":{"line":4,"column":20},"end":{"line":4,"column":21}},"4":{"start":{"line":5,"column":21},"end":{"line":5,"column":22}},"5":{"start":{"line":6,"column":21},"end":{"line":6,"column":22}},"6":{"start":{"line":7,"column":18},"end":{"line":7,"column":19}},"7":{"start":{"line":8,"column":24},"end":{"line":8,"column":26}},"8":{"start":{"line":11,"column":16},"end":{"line":11,"column":26}},"9":{"start":{"line":12,"column":2},"end":{"line":37,"column":5}},"10":{"start":{"line":13,"column":21},"end":{"line":13,"column":39}},"11":{"start":{"line":14,"column":4},"end":{"line":14,"column":23}},"12":{"start":{"line":15,"column":4},"end":{"line":15,"column":31}},"13":{"start":{"line":16,"column":4},"end":{"line":16,"column":29}},"14":{"start":{"line":17,"column":4},"end":{"line":19,"column":5}},"15":{"start":{"line":18,"column":6},"end":{"line":18,"column":24}},"16":{"start":{"line":20,"column":4},"end":{"line":22,"column":5}},"17":{"start":{"line":21,"column":6},"end":{"line":21,"column":26}},"18":{"start":{"line":25,"column":4},"end":{"line":36,"column":5}},"19":{"start":{"line":30,"column":6},"end":{"line":30,"column":23}},"20":{"start":{"line":31,"column":18},"end":{"line":31,"column":28}},"21":{"start":{"line":32,"column":6},"end":{"line":32,"column":32}},"22":{"start":{"line":33,"column":6},"end":{"line":35,"column":7}},"23":{"start":{"line":34,"column":8},"end":{"line":34,"column":32}},"24":{"start":{"line":38,"column":2},"end":{"line":38,"column":9}},"25":{"start":{"line":42,"column":17},"end":{"line":42,"column":60}},"26":{"start":{"line":43,"column":21},"end":{"line":43,"column":83}},"27":{"start":{"line":45,"column":14},"end":{"line":45,"column":24}},"28":{"start":{"line":46,"column":23},"end":{"line":46,"column":70}},"29":{"start":{"line":46,"column":53},"end":{"line":46,"column":69}},"30":{"start":{"line":48,"column":26},"end":{"line":48,"column":105}},"31":{"start":{"line":50,"column":12},"end":{"line":50,"column":13}},"32":{"start":{"line":51,"column":2},"end":{"line":55,"column":3}},"33":{"start":{"line":52,"column":19},"end":{"line":52,"column":55}},"34":{"start":{"line":52,"column":49},"end":{"line":52,"column":54}},"35":{"start":{"line":53,"column":16},"end":{"line":53,"column":51}},"36":{"start":{"line":54,"column":4},"end":{"line":54,"column":35}},"37":{"start":{"line":57,"column":2},"end":{"line":66,"column":4}},"38":{"start":{"line":69,"column":0},"end":{"line":69,"column":51}}},"fnMap":{"0":{"name":"metricsMiddleware","decl":{"start":{"line":10,"column":9},"end":{"line":10,"column":26}},"loc":{"start":{"line":10,"column":43},"end":{"line":39,"column":1}},"line":10},"1":{"name":"(anonymous_1)","decl":{"start":{"line":12,"column":19},"end":{"line":12,"column":20}},"loc":{"start":{"line":12,"column":25},"end":{"line":37,"column":3}},"line":12},"2":{"name":"getMetrics","decl":{"start":{"line":41,"column":9},"end":{"line":41,"column":19}},"loc":{"start":{"line":41,"column":33},"end":{"line":67,"column":1}},"line":41},"3":{"name":"(anonymous_3)","decl":{"start":{"line":46,"column":46},"end":{"line":46,"column":47}},"loc":{"start":{"line":46,"column":53},"end":{"line":46,"column":69}},"line":46},"4":{"name":"(anonymous_4)","decl":{"start":{"line":52,"column":39},"end":{"line":52,"column":40}},"loc":{"start":{"line":52,"column":49},"end":{"line":52,"column":54}},"line":52}},"branchMap":{"0":{"loc":{"start":{"line":17,"column":4},"end":{"line":19,"column":5}},"type":"if","locations":[{"start":{"line":17,"column":4},"end":{"line":19,"column":5}},{"start":{},"end":{}}],"line":17},"1":{"loc":{"start":{"line":20,"column":4},"end":{"line":22,"column":5}},"type":"if","locations":[{"start":{"line":20,"column":4},"end":{"line":22,"column":5}},{"start":{},"end":{}}],"line":20},"2":{"loc":{"start":{"line":25,"column":4},"end":{"line":36,"column":5}},"type":"if","locations":[{"start":{"line":25,"column":4},"end":{"line":36,"column":5}},{"start":{},"end":{}}],"line":25},"3":{"loc":{"start":{"line":26,"column":6},"end":{"line":28,"column":26}},"type":"binary-expr","locations":[{"start":{"line":26,"column":6},"end":{"line":26,"column":27}},{"start":{"line":27,"column":7},"end":{"line":27,"column":28}},{"start":{"line":27,"column":32},"end":{"line":27,"column":54}},{"start":{"line":27,"column":58},"end":{"line":27,"column":85}},{"start":{"line":27,"column":89},"end":{"line":27,"column":134}},{"start":{"line":27,"column":138},"end":{"line":27,"column":164}},{"start":{"line":28,"column":6},"end":{"line":28,"column":26}}],"line":26},"4":{"loc":{"start":{"line":33,"column":13},"end":{"line":33,"column":75}},"type":"binary-expr","locations":[{"start":{"line":33,"column":13},"end":{"line":33,"column":39}},{"start":{"line":33,"column":43},"end":{"line":33,"column":75}}],"line":33},"5":{"loc":{"start":{"line":43,"column":21},"end":{"line":43,"column":83}},"type":"cond-expr","locations":[{"start":{"line":43,"column":37},"end":{"line":43,"column":79}},{"start":{"line":43,"column":82},"end":{"line":43,"column":83}}],"line":43},"6":{"loc":{"start":{"line":48,"column":26},"end":{"line":48,"column":105}},"type":"cond-expr","locations":[{"start":{"line":48,"column":39},"end":{"line":48,"column":101}},{"start":{"line":48,"column":104},"end":{"line":48,"column":105}}],"line":48},"7":{"loc":{"start":{"line":51,"column":2},"end":{"line":55,"column":3}},"type":"if","locations":[{"start":{"line":51,"column":2},"end":{"line":55,"column":3}},{"start":{},"end":{}}],"line":51},"8":{"loc":{"start":{"line":59,"column":17},"end":{"line":59,"column":45}},"type":"binary-expr","locations":[{"start":{"line":59,"column":17},"end":{"line":59,"column":28}},{"start":{"line":59,"column":32},"end":{"line":59,"column":45}}],"line":59}},"s":{"0":1,"1":1,"2":1,"3":1,"4":1,"5":1,"6":1,"7":1,"8":17,"9":17,"10":17,"11":17,"12":17,"13":17,"14":17,"15":0,"16":17,"17":1,"18":17,"19":0,"20":0,"21":0,"22":0,"23":0,"24":17,"25":1,"26":1,"27":1,"28":1,"29":0,"30":1,"31":1,"32":1,"33":1,"34":27,"35":1,"36":1,"37":1,"38":1},"f":{"0":17,"1":17,"2":1,"3":0,"4":27},"b":{"0":[0,17],"1":[1,16],"2":[0,17],"3":[17,14,14,14,14,14,1],"4":[0,0],"5":[1,0],"6":[1,0],"7":[1,0],"8":[1,1]},"_coverageSchema":"1a1c01bbd47fc00a2c39e90264f33305004495a9","hash":"98a2926eaa5bdf62fe6cff5b20cf45ce97347d53"}
,"D:\\HyperZx2.0\\IUT\\Events\\DevSprint Hackathon '26\\IUT Food WebApp\\services\\identity-provider\\shared\\tracing.js": {"path":"D:\\HyperZx2.0\\IUT\\Events\\DevSprint Hackathon '26\\IUT Food WebApp\\services\\identity-provider\\shared\\tracing.js","statementMap":{"0":{"start":{"line":1,"column":23},"end":{"line":1,"column":40}},"1":{"start":{"line":4,"column":26},"end":{"line":4,"column":73}},"2":{"start":{"line":5,"column":4},"end":{"line":5,"column":38}},"3":{"start":{"line":6,"column":4},"end":{"line":6,"column":53}},"4":{"start":{"line":7,"column":4},"end":{"line":7,"column":11}},"5":{"start":{"line":10,"column":0},"end":{"line":10,"column":39}}},"fnMap":{"0":{"name":"tracingMiddleware","decl":{"start":{"line":3,"column":9},"end":{"line":3,"column":26}},"loc":{"start":{"line":3,"column":43},"end":{"line":8,"column":1}},"line":3}},"branchMap":{"0":{"loc":{"start":{"line":4,"column":26},"end":{"line":4,"column":73}},"type":"binary-expr","locations":[{"start":{"line":4,"column":26},"end":{"line":4,"column":57}},{"start":{"line":4,"column":61},"end":{"line":4,"column":73}}],"line":4}},"s":{"0":1,"1":17,"2":17,"3":17,"4":17,"5":1},"f":{"0":17},"b":{"0":[17,17]},"_coverageSchema":"1a1c01bbd47fc00a2c39e90264f33305004495a9","hash":"311baf661f78b05acad8a75b081cdb1fb72ae5c3"}
,"D:\\HyperZx2.0\\IUT\\Events\\DevSprint Hackathon '26\\IUT Food WebApp\\services\\identity-provider\\src\\app.js": {"path":"D:\\HyperZx2.0\\IUT\\Events\\DevSprint Hackathon '26\\IUT Food WebApp\\services\\identity-provider\\src\\app.js","statementMap":{"0":{"start":{"line":1,"column":16},"end":{"line":1,"column":34}},"1":{"start":{"line":2,"column":15},"end":{"line":2,"column":32}},"2":{"start":{"line":3,"column":14},"end":{"line":3,"column":32}},"3":{"start":{"line":4,"column":22},"end":{"line":4,"column":41}},"4":{"start":{"line":5,"column":19},"end":{"line":5,"column":43}},"5":{"start":{"line":6,"column":22},"end":{"line":6,"column":49}},"6":{"start":{"line":7,"column":20},"end":{"line":7,"column":45}},"7":{"start":{"line":8,"column":20},"end":{"line":8,"column":45}},"8":{"start":{"line":10,"column":12},"end":{"line":10,"column":21}},"9":{"start":{"line":11,"column":0},"end":{"line":11,"column":18}},"10":{"start":{"line":12,"column":0},"end":{"line":12,"column":24}},"11":{"start":{"line":15,"column":0},"end":{"line":21,"column":3}},"12":{"start":{"line":16,"column":2},"end":{"line":16,"column":52}},"13":{"start":{"line":17,"column":2},"end":{"line":17,"column":90}},"14":{"start":{"line":18,"column":2},"end":{"line":18,"column":95}},"15":{"start":{"line":19,"column":2},"end":{"line":19,"column":59}},"16":{"start":{"line":19,"column":32},"end":{"line":19,"column":59}},"17":{"start":{"line":20,"column":2},"end":{"line":20,"column":9}},"18":{"start":{"line":23,"column":24},"end":{"line":23,"column":60}},"19":{"start":{"line":24,"column":0},"end":{"line":24,"column":57}},"20":{"start":{"line":26,"column":30},"end":{"line":26,"column":58}},"21":{"start":{"line":27,"column":30},"end":{"line":27,"column":58}},"22":{"start":{"line":28,"column":0},"end":{"line":28,"column":27}},"23":{"start":{"line":29,"column":0},"end":{"line":29,"column":27}},"24":{"start":{"line":32,"column":20},"end":{"line":32,"column":40}},"25":{"start":{"line":35,"column":20},"end":{"line":35,"column":63}},"26":{"start":{"line":36,"column":0},"end":{"line":41,"column":3}},"27":{"start":{"line":37,"column":2},"end":{"line":39,"column":3}},"28":{"start":{"line":38,"column":4},"end":{"line":38,"column":18}},"29":{"start":{"line":40,"column":2},"end":{"line":40,"column":73}},"30":{"start":{"line":47,"column":20},"end":{"line":47,"column":38}},"31":{"start":{"line":48,"column":2},"end":{"line":50,"column":3}},"32":{"start":{"line":49,"column":4},"end":{"line":49,"column":18}},"33":{"start":{"line":52,"column":14},"end":{"line":52,"column":38}},"34":{"start":{"line":53,"column":14},"end":{"line":53,"column":24}},"35":{"start":{"line":54,"column":19},"end":{"line":54,"column":24}},"36":{"start":{"line":56,"column":2},"end":{"line":72,"column":3}},"37":{"start":{"line":58,"column":18},"end":{"line":58,"column":37}},"38":{"start":{"line":59,"column":4},"end":{"line":59,"column":51}},"39":{"start":{"line":60,"column":4},"end":{"line":60,"column":21}},"40":{"start":{"line":61,"column":4},"end":{"line":61,"column":52}},"41":{"start":{"line":62,"column":4},"end":{"line":62,"column":26}},"42":{"start":{"line":63,"column":20},"end":{"line":63,"column":38}},"43":{"start":{"line":65,"column":18},"end":{"line":65,"column":31}},"44":{"start":{"line":66,"column":4},"end":{"line":68,"column":5}},"45":{"start":{"line":67,"column":6},"end":{"line":67,"column":98}},"46":{"start":{"line":70,"column":4},"end":{"line":70,"column":78}},"47":{"start":{"line":74,"column":2},"end":{"line":74,"column":9}},"48":{"start":{"line":78,"column":0},"end":{"line":78,"column":41}},"49":{"start":{"line":80,"column":0},"end":{"line":80,"column":29}},"50":{"start":{"line":81,"column":0},"end":{"line":81,"column":28}},"51":{"start":{"line":82,"column":0},"end":{"line":82,"column":31}},"52":{"start":{"line":84,"column":0},"end":{"line":84,"column":21}},"53":{"start":{"line":85,"column":0},"end":{"line":85,"column":41}}},"fnMap":{"0":{"name":"(anonymous_0)","decl":{"start":{"line":15,"column":8},"end":{"line":15,"column":9}},"loc":{"start":{"line":15,"column":28},"end":{"line":21,"column":1}},"line":15},"1":{"name":"(anonymous_1)","decl":{"start":{"line":36,"column":8},"end":{"line":36,"column":9}},"loc":{"start":{"line":36,"column":28},"end":{"line":41,"column":1}},"line":36},"2":{"name":"redisRateLimiter","decl":{"start":{"line":46,"column":15},"end":{"line":46,"column":31}},"loc":{"start":{"line":46,"column":48},"end":{"line":75,"column":1}},"line":46}},"branchMap":{"0":{"loc":{"start":{"line":19,"column":2},"end":{"line":19,"column":59}},"type":"if","locations":[{"start":{"line":19,"column":2},"end":{"line":19,"column":59}},{"start":{},"end":{}}],"line":19},"1":{"loc":{"start":{"line":37,"column":2},"end":{"line":39,"column":3}},"type":"if","locations":[{"start":{"line":37,"column":2},"end":{"line":39,"column":3}},{"start":{},"end":{}}],"line":37},"2":{"loc":{"start":{"line":37,"column":6},"end":{"line":37,"column":49}},"type":"binary-expr","locations":[{"start":{"line":37,"column":6},"end":{"line":37,"column":15}},{"start":{"line":37,"column":19},"end":{"line":37,"column":49}}],"line":37},"3":{"loc":{"start":{"line":48,"column":2},"end":{"line":50,"column":3}},"type":"if","locations":[{"start":{"line":48,"column":2},"end":{"line":50,"column":3}},{"start":{},"end":{}}],"line":48},"4":{"loc":{"start":{"line":66,"column":4},"end":{"line":68,"column":5}},"type":"if","locations":[{"start":{"line":66,"column":4},"end":{"line":68,"column":5}},{"start":{},"end":{}}],"line":66}},"s":{"0":1,"1":1,"2":1,"3":1,"4":1,"5":1,"6":1,"7":1,"8":1,"9":1,"10":1,"11":1,"12":17,"13":17,"14":17,"15":17,"16":0,"17":17,"18":1,"19":1,"20":1,"21":1,"22":1,"23":1,"24":1,"25":1,"26":1,"27":17,"28":16,"29":1,"30":7,"31":7,"32":0,"33":7,"34":7,"35":7,"36":7,"37":7,"38":7,"39":7,"40":7,"41":7,"42":7,"43":7,"44":7,"45":1,"46":0,"47":6,"48":1,"49":1,"50":1,"51":1,"52":1,"53":1},"f":{"0":17,"1":17,"2":7},"b":{"0":[0,17],"1":[16,1],"2":[17,3],"3":[0,7],"4":[1,6]},"_coverageSchema":"1a1c01bbd47fc00a2c39e90264f33305004495a9","hash":"8c0cbe8871865bf951ee09adc4d2706c56366d18"}
,"D:\\HyperZx2.0\\IUT\\Events\\DevSprint Hackathon '26\\IUT Food WebApp\\services\\identity-provider\\src\\auth.js": {"path":"D:\\HyperZx2.0\\IUT\\Events\\DevSprint Hackathon '26\\IUT Food WebApp\\services\\identity-provider\\src\\auth.js","statementMap":{"0":{"start":{"line":1,"column":12},"end":{"line":1,"column":35}},"1":{"start":{"line":2,"column":23},"end":{"line":2,"column":42}},"2":{"start":{"line":5,"column":2},"end":{"line":5,"column":60}},"3":{"start":{"line":9,"column":2},"end":{"line":13,"column":3}},"4":{"start":{"line":10,"column":4},"end":{"line":10,"column":41}},"5":{"start":{"line":12,"column":4},"end":{"line":12,"column":16}},"6":{"start":{"line":16,"column":0},"end":{"line":16,"column":44}}},"fnMap":{"0":{"name":"signToken","decl":{"start":{"line":4,"column":9},"end":{"line":4,"column":18}},"loc":{"start":{"line":4,"column":28},"end":{"line":6,"column":1}},"line":4},"1":{"name":"verifyToken","decl":{"start":{"line":8,"column":9},"end":{"line":8,"column":20}},"loc":{"start":{"line":8,"column":28},"end":{"line":14,"column":1}},"line":8}},"branchMap":{},"s":{"0":1,"1":1,"2":4,"3":0,"4":0,"5":0,"6":1},"f":{"0":4,"1":0},"b":{},"_coverageSchema":"1a1c01bbd47fc00a2c39e90264f33305004495a9","hash":"bfd3e0e22b9de319a9e6c9185f07f6831e9e1a5b"}
,"D:\\HyperZx2.0\\IUT\\Events\\DevSprint Hackathon '26\\IUT Food WebApp\\services\\identity-provider\\src\\config.js": {"path":"D:\\HyperZx2.0\\IUT\\Events\\DevSprint Hackathon '26\\IUT Food WebApp\\services\\identity-provider\\src\\config.js","statementMap":{"0":{"start":{"line":1,"column":15},"end":{"line":1,"column":32}},"1":{"start":{"line":3,"column":0},"end":{"line":3,"column":16}},"2":{"start":{"line":5,"column":0},"end":{"line":10,"column":2}}},"fnMap":{},"branchMap":{"0":{"loc":{"start":{"line":6,"column":8},"end":{"line":6,"column":32}},"type":"binary-expr","locations":[{"start":{"line":6,"column":8},"end":{"line":6,"column":24}},{"start":{"line":6,"column":28},"end":{"line":6,"column":32}}],"line":6},"1":{"loc":{"start":{"line":7,"column":14},"end":{"line":7,"column":60}},"type":"binary-expr","locations":[{"start":{"line":7,"column":14},"end":{"line":7,"column":36}},{"start":{"line":7,"column":40},"end":{"line":7,"column":60}}],"line":7},"2":{"loc":{"start":{"line":8,"column":13},"end":{"line":8,"column":62}},"type":"binary-expr","locations":[{"start":{"line":8,"column":13},"end":{"line":8,"column":34}},{"start":{"line":8,"column":38},"end":{"line":8,"column":62}}],"line":8},"3":{"loc":{"start":{"line":9,"column":16},"end":{"line":9,"column":101}},"type":"binary-expr","locations":[{"start":{"line":9,"column":16},"end":{"line":9,"column":40}},{"start":{"line":9,"column":44},"end":{"line":9,"column":101}}],"line":9}},"s":{"0":1,"1":1,"2":1},"f":{},"b":{"0":[1,1],"1":[1,0],"2":[1,0],"3":[1,0]},"_coverageSchema":"1a1c01bbd47fc00a2c39e90264f33305004495a9","hash":"440e49c48368e0f2cc16af0ee9c9acb27194bd53"}
,"D:\\HyperZx2.0\\IUT\\Events\\DevSprint Hackathon '26\\IUT Food WebApp\\services\\identity-provider\\src\\db.js": {"path":"D:\\HyperZx2.0\\IUT\\Events\\DevSprint Hackathon '26\\IUT Food WebApp\\services\\identity-provider\\src\\db.js","statementMap":{"0":{"start":{"line":1,"column":17},"end":{"line":1,"column":30}},"1":{"start":{"line":2,"column":25},"end":{"line":2,"column":44}},"2":{"start":{"line":3,"column":15},"end":{"line":3,"column":32}},"3":{"start":{"line":5,"column":13},"end":{"line":7,"column":2}},"4":{"start":{"line":11,"column":2},"end":{"line":19,"column":5}},"5":{"start":{"line":21,"column":2},"end":{"line":27,"column":5}},"6":{"start":{"line":29,"column":2},"end":{"line":32,"column":5}},"7":{"start":{"line":35,"column":19},"end":{"line":39,"column":3}},"8":{"start":{"line":41,"column":2},"end":{"line":47,"column":3}},"9":{"start":{"line":42,"column":17},"end":{"line":42,"column":46}},"10":{"start":{"line":43,"column":4},"end":{"line":46,"column":6}},"11":{"start":{"line":48,"column":2},"end":{"line":48,"column":68}},"12":{"start":{"line":51,"column":0},"end":{"line":55,"column":2}},"13":{"start":{"line":52,"column":27},"end":{"line":52,"column":51}}},"fnMap":{"0":{"name":"init","decl":{"start":{"line":10,"column":15},"end":{"line":10,"column":19}},"loc":{"start":{"line":10,"column":22},"end":{"line":49,"column":1}},"line":10},"1":{"name":"(anonymous_1)","decl":{"start":{"line":52,"column":9},"end":{"line":52,"column":10}},"loc":{"start":{"line":52,"column":27},"end":{"line":52,"column":51}},"line":52}},"branchMap":{},"s":{"0":1,"1":1,"2":1,"3":1,"4":0,"5":0,"6":0,"7":0,"8":0,"9":0,"10":0,"11":0,"12":1,"13":13},"f":{"0":0,"1":13},"b":{},"_coverageSchema":"1a1c01bbd47fc00a2c39e90264f33305004495a9","hash":"b5b47afd4ea68ef1f7c01bda1d76a6a235b89cb7"}
,"D:\\HyperZx2.0\\IUT\\Events\\DevSprint Hackathon '26\\IUT Food WebApp\\services\\identity-provider\\src\\serviceState.js": {"path":"D:\\HyperZx2.0\\IUT\\Events\\DevSprint Hackathon '26\\IUT Food WebApp\\services\\identity-provider\\src\\serviceState.js","statementMap":{"0":{"start":{"line":1,"column":19},"end":{"line":1,"column":23}},"1":{"start":{"line":4,"column":2},"end":{"line":4,"column":22}},"2":{"start":{"line":8,"column":2},"end":{"line":8,"column":23}},"3":{"start":{"line":12,"column":2},"end":{"line":12,"column":22}},"4":{"start":{"line":15,"column":0},"end":{"line":15,"column":43}}},"fnMap":{"0":{"name":"isAlive","decl":{"start":{"line":3,"column":9},"end":{"line":3,"column":16}},"loc":{"start":{"line":3,"column":19},"end":{"line":5,"column":1}},"line":3},"1":{"name":"kill","decl":{"start":{"line":7,"column":9},"end":{"line":7,"column":13}},"loc":{"start":{"line":7,"column":16},"end":{"line":9,"column":1}},"line":7},"2":{"name":"revive","decl":{"start":{"line":11,"column":9},"end":{"line":11,"column":15}},"loc":{"start":{"line":11,"column":18},"end":{"line":13,"column":1}},"line":11}},"branchMap":{},"s":{"0":1,"1":19,"2":1,"3":1,"4":1},"f":{"0":19,"1":1,"2":1},"b":{},"_coverageSchema":"1a1c01bbd47fc00a2c39e90264f33305004495a9","hash":"e3dfdb42a4b155d19651db02b3a5dbf2f84c796a"}
,"D:\\HyperZx2.0\\IUT\\Events\\DevSprint Hackathon '26\\IUT Food WebApp\\services\\identity-provider\\src\\students.js": {"path":"D:\\HyperZx2.0\\IUT\\Events\\DevSprint Hackathon '26\\IUT Food WebApp\\services\\identity-provider\\src\\students.js","statementMap":{"0":{"start":{"line":1,"column":11},"end":{"line":1,"column":26}},"1":{"start":{"line":5,"column":4},"end":{"line":16,"column":5}},"2":{"start":{"line":6,"column":23},"end":{"line":9,"column":9}},"3":{"start":{"line":10,"column":8},"end":{"line":10,"column":30}},"4":{"start":{"line":12,"column":8},"end":{"line":14,"column":9}},"5":{"start":{"line":13,"column":12},"end":{"line":13,"column":24}},"6":{"start":{"line":15,"column":8},"end":{"line":15,"column":18}},"7":{"start":{"line":21,"column":19},"end":{"line":24,"column":5}},"8":{"start":{"line":25,"column":4},"end":{"line":25,"column":34}},"9":{"start":{"line":28,"column":0},"end":{"line":28,"column":48}}},"fnMap":{"0":{"name":"createStudent","decl":{"start":{"line":4,"column":15},"end":{"line":4,"column":28}},"loc":{"start":{"line":4,"column":60},"end":{"line":17,"column":1}},"line":4},"1":{"name":"findStudent","decl":{"start":{"line":20,"column":15},"end":{"line":20,"column":26}},"loc":{"start":{"line":20,"column":38},"end":{"line":26,"column":1}},"line":20}},"branchMap":{"0":{"loc":{"start":{"line":12,"column":8},"end":{"line":14,"column":9}},"type":"if","locations":[{"start":{"line":12,"column":8},"end":{"line":14,"column":9}},{"start":{},"end":{}}],"line":12},"1":{"loc":{"start":{"line":25,"column":11},"end":{"line":25,"column":33}},"type":"binary-expr","locations":[{"start":{"line":25,"column":11},"end":{"line":25,"column":25}},{"start":{"line":25,"column":29},"end":{"line":25,"column":33}}],"line":25}},"s":{"0":1,"1":3,"2":3,"3":2,"4":1,"5":1,"6":0,"7":6,"8":6,"9":1},"f":{"0":3,"1":6},"b":{"0":[1,0],"1":[6,0]},"_coverageSchema":"1a1c01bbd47fc00a2c39e90264f33305004495a9","hash":"7e6f4ad57820b1038313b925cf977f6a56869d7b"}
,"D:\\HyperZx2.0\\IUT\\Events\\DevSprint Hackathon '26\\IUT Food WebApp\\services\\identity-provider\\src\\routes\\admin.js": {"path":"D:\\HyperZx2.0\\IUT\\Events\\DevSprint Hackathon '26\\IUT Food WebApp\\services\\identity-provider\\src\\routes\\admin.js","statementMap":{"0":{"start":{"line":1,"column":16},"end":{"line":1,"column":34}},"1":{"start":{"line":2,"column":25},"end":{"line":2,"column":51}},"2":{"start":{"line":4,"column":15},"end":{"line":4,"column":31}},"3":{"start":{"line":9,"column":0},"end":{"line":12,"column":3}},"4":{"start":{"line":10,"column":2},"end":{"line":10,"column":9}},"5":{"start":{"line":11,"column":2},"end":{"line":11,"column":45}},"6":{"start":{"line":14,"column":0},"end":{"line":17,"column":3}},"7":{"start":{"line":15,"column":2},"end":{"line":15,"column":11}},"8":{"start":{"line":16,"column":2},"end":{"line":16,"column":44}},"9":{"start":{"line":19,"column":0},"end":{"line":19,"column":24}}},"fnMap":{"0":{"name":"(anonymous_0)","decl":{"start":{"line":9,"column":21},"end":{"line":9,"column":22}},"loc":{"start":{"line":9,"column":35},"end":{"line":12,"column":1}},"line":9},"1":{"name":"(anonymous_1)","decl":{"start":{"line":14,"column":23},"end":{"line":14,"column":24}},"loc":{"start":{"line":14,"column":37},"end":{"line":17,"column":1}},"line":14}},"branchMap":{},"s":{"0":1,"1":1,"2":1,"3":1,"4":1,"5":1,"6":1,"7":1,"8":1,"9":1},"f":{"0":1,"1":1},"b":{},"_coverageSchema":"1a1c01bbd47fc00a2c39e90264f33305004495a9","hash":"fa5b1a64f176afa000afd47cf5ce681595bbeb66"}
,"D:\\HyperZx2.0\\IUT\\Events\\DevSprint Hackathon '26\\IUT Food WebApp\\services\\identity-provider\\src\\routes\\auth.js": {"path":"D:\\HyperZx2.0\\IUT\\Events\\DevSprint Hackathon '26\\IUT Food WebApp\\services\\identity-provider\\src\\routes\\auth.js","statementMap":{"0":{"start":{"line":1,"column":16},"end":{"line":1,"column":34}},"1":{"start":{"line":2,"column":15},"end":{"line":2,"column":32}},"2":{"start":{"line":3,"column":22},"end":{"line":3,"column":40}},"3":{"start":{"line":4,"column":39},"end":{"line":4,"column":61}},"4":{"start":{"line":5,"column":22},"end":{"line":5,"column":42}},"5":{"start":{"line":7,"column":15},"end":{"line":7,"column":31}},"6":{"start":{"line":10,"column":0},"end":{"line":23,"column":3}},"7":{"start":{"line":11,"column":40},"end":{"line":11,"column":48}},"8":{"start":{"line":12,"column":2},"end":{"line":14,"column":3}},"9":{"start":{"line":13,"column":4},"end":{"line":13,"column":85}},"10":{"start":{"line":15,"column":15},"end":{"line":15,"column":46}},"11":{"start":{"line":16,"column":18},"end":{"line":16,"column":60}},"12":{"start":{"line":17,"column":2},"end":{"line":19,"column":3}},"13":{"start":{"line":18,"column":4},"end":{"line":18,"column":66}},"14":{"start":{"line":20,"column":2},"end":{"line":20,"column":29}},"15":{"start":{"line":21,"column":16},"end":{"line":21,"column":51}},"16":{"start":{"line":22,"column":2},"end":{"line":22,"column":52}},"17":{"start":{"line":26,"column":0},"end":{"line":46,"column":3}},"18":{"start":{"line":27,"column":34},"end":{"line":27,"column":42}},"19":{"start":{"line":28,"column":2},"end":{"line":30,"column":3}},"20":{"start":{"line":29,"column":4},"end":{"line":29,"column":78}},"21":{"start":{"line":31,"column":18},"end":{"line":31,"column":46}},"22":{"start":{"line":32,"column":2},"end":{"line":36,"column":3}},"23":{"start":{"line":33,"column":4},"end":{"line":33,"column":81}},"24":{"start":{"line":34,"column":4},"end":{"line":34,"column":26}},"25":{"start":{"line":35,"column":4},"end":{"line":35,"column":66}},"26":{"start":{"line":37,"column":16},"end":{"line":37,"column":69}},"27":{"start":{"line":38,"column":2},"end":{"line":42,"column":3}},"28":{"start":{"line":39,"column":4},"end":{"line":39,"column":76}},"29":{"start":{"line":40,"column":4},"end":{"line":40,"column":26}},"30":{"start":{"line":41,"column":4},"end":{"line":41,"column":66}},"31":{"start":{"line":43,"column":2},"end":{"line":43,"column":22}},"32":{"start":{"line":44,"column":16},"end":{"line":44,"column":65}},"33":{"start":{"line":45,"column":2},"end":{"line":45,"column":69}},"34":{"start":{"line":48,"column":0},"end":{"line":48,"column":24}}},"fnMap":{"0":{"name":"(anonymous_0)","decl":{"start":{"line":10,"column":25},"end":{"line":10,"column":26}},"loc":{"start":{"line":10,"column":45},"end":{"line":23,"column":1}},"line":10},"1":{"name":"(anonymous_1)","decl":{"start":{"line":26,"column":22},"end":{"line":26,"column":23}},"loc":{"start":{"line":26,"column":42},"end":{"line":46,"column":1}},"line":26}},"branchMap":{"0":{"loc":{"start":{"line":12,"column":2},"end":{"line":14,"column":3}},"type":"if","locations":[{"start":{"line":12,"column":2},"end":{"line":14,"column":3}},{"start":{},"end":{}}],"line":12},"1":{"loc":{"start":{"line":12,"column":6},"end":{"line":12,"column":38}},"type":"binary-expr","locations":[{"start":{"line":12,"column":6},"end":{"line":12,"column":16}},{"start":{"line":12,"column":20},"end":{"line":12,"column":25}},{"start":{"line":12,"column":29},"end":{"line":12,"column":38}}],"line":12},"2":{"loc":{"start":{"line":17,"column":2},"end":{"line":19,"column":3}},"type":"if","locations":[{"start":{"line":17,"column":2},"end":{"line":19,"column":3}},{"start":{},"end":{}}],"line":17},"3":{"loc":{"start":{"line":28,"column":2},"end":{"line":30,"column":3}},"type":"if","locations":[{"start":{"line":28,"column":2},"end":{"line":30,"column":3}},{"start":{},"end":{}}],"line":28},"4":{"loc":{"start":{"line":28,"column":6},"end":{"line":28,"column":29}},"type":"binary-expr","locations":[{"start":{"line":28,"column":6},"end":{"line":28,"column":16}},{"start":{"line":28,"column":20},"end":{"line":28,"column":29}}],"line":28},"5":{"loc":{"start":{"line":32,"column":2},"end":{"line":36,"column":3}},"type":"if","locations":[{"start":{"line":32,"column":2},"end":{"line":36,"column":3}},{"start":{},"end":{}}],"line":32},"6":{"loc":{"start":{"line":38,"column":2},"end":{"line":42,"column":3}},"type":"if","locations":[{"start":{"line":38,"column":2},"end":{"line":42,"column":3}},{"start":{},"end":{}}],"line":38}},"s":{"0":1,"1":1,"2":1,"3":1,"4":1,"5":1,"6":1,"7":4,"8":4,"9":1,"10":3,"11":3,"12":3,"13":1,"14":2,"15":2,"16":2,"17":1,"18":6,"19":6,"20":0,"21":6,"22":6,"23":0,"24":0,"25":0,"26":6,"27":6,"28":4,"29":4,"30":4,"31":2,"32":2,"33":2,"34":1},"f":{"0":4,"1":6},"b":{"0":[1,3],"1":[4,4,3],"2":[1,2],"3":[0,6],"4":[6,6],"5":[0,6],"6":[4,2]},"_coverageSchema":"1a1c01bbd47fc00a2c39e90264f33305004495a9","hash":"caa5282b36ac638e2c63381e4bf665494bf7b37d"}
,"D:\\HyperZx2.0\\IUT\\Events\\DevSprint Hackathon '26\\IUT Food WebApp\\services\\identity-provider\\src\\routes\\monitor.js": {"path":"D:\\HyperZx2.0\\IUT\\Events\\DevSprint Hackathon '26\\IUT Food WebApp\\services\\identity-provider\\src\\routes\\monitor.js","statementMap":{"0":{"start":{"line":1,"column":16},"end":{"line":1,"column":34}},"1":{"start":{"line":2,"column":11},"end":{"line":2,"column":27}},"2":{"start":{"line":3,"column":14},"end":{"line":3,"column":32}},"3":{"start":{"line":4,"column":22},"end":{"line":4,"column":42}},"4":{"start":{"line":6,"column":15},"end":{"line":6,"column":31}},"5":{"start":{"line":8,"column":23},"end":{"line":8,"column":54}},"6":{"start":{"line":11,"column":20},"end":{"line":11,"column":21}},"7":{"start":{"line":12,"column":13},"end":{"line":12,"column":14}},"8":{"start":{"line":13,"column":15},"end":{"line":13,"column":16}},"9":{"start":{"line":15,"column":18},"end":{"line":15,"column":28}},"10":{"start":{"line":18,"column":2},"end":{"line":20,"column":45}},"11":{"start":{"line":18,"column":34},"end":{"line":18,"column":50}},"12":{"start":{"line":19,"column":7},"end":{"line":20,"column":45}},"13":{"start":{"line":19,"column":32},"end":{"line":19,"column":41}},"14":{"start":{"line":20,"column":7},"end":{"line":20,"column":45}},"15":{"start":{"line":20,"column":34},"end":{"line":20,"column":45}},"16":{"start":{"line":24,"column":0},"end":{"line":57,"column":3}},"17":{"start":{"line":25,"column":15},"end":{"line":25,"column":46}},"18":{"start":{"line":26,"column":15},"end":{"line":26,"column":19}},"19":{"start":{"line":29,"column":2},"end":{"line":34,"column":3}},"20":{"start":{"line":30,"column":4},"end":{"line":30,"column":31}},"21":{"start":{"line":32,"column":4},"end":{"line":32,"column":27}},"22":{"start":{"line":33,"column":4},"end":{"line":33,"column":24}},"23":{"start":{"line":37,"column":2},"end":{"line":44,"column":3}},"24":{"start":{"line":38,"column":18},"end":{"line":38,"column":38}},"25":{"start":{"line":39,"column":4},"end":{"line":39,"column":23}},"26":{"start":{"line":40,"column":4},"end":{"line":40,"column":23}},"27":{"start":{"line":42,"column":4},"end":{"line":42,"column":24}},"28":{"start":{"line":43,"column":4},"end":{"line":43,"column":24}},"29":{"start":{"line":46,"column":24},"end":{"line":46,"column":67}},"30":{"start":{"line":47,"column":22},"end":{"line":47,"column":48}},"31":{"start":{"line":48,"column":21},"end":{"line":48,"column":48}},"32":{"start":{"line":50,"column":2},"end":{"line":56,"column":5}},"33":{"start":{"line":60,"column":0},"end":{"line":69,"column":3}},"34":{"start":{"line":61,"column":22},"end":{"line":61,"column":53}},"35":{"start":{"line":62,"column":2},"end":{"line":68,"column":5}},"36":{"start":{"line":71,"column":0},"end":{"line":71,"column":24}},"37":{"start":{"line":72,"column":0},"end":{"line":72,"column":37}},"38":{"start":{"line":73,"column":0},"end":{"line":73,"column":41}},"39":{"start":{"line":74,"column":0},"end":{"line":74,"column":41}},"40":{"start":{"line":75,"column":0},"end":{"line":75,"column":41}}},"fnMap":{"0":{"name":"increment","decl":{"start":{"line":17,"column":9},"end":{"line":17,"column":18}},"loc":{"start":{"line":17,"column":27},"end":{"line":21,"column":1}},"line":17},"1":{"name":"(anonymous_1)","decl":{"start":{"line":24,"column":22},"end":{"line":24,"column":23}},"loc":{"start":{"line":24,"column":42},"end":{"line":57,"column":1}},"line":24},"2":{"name":"(anonymous_2)","decl":{"start":{"line":60,"column":23},"end":{"line":60,"column":24}},"loc":{"start":{"line":60,"column":37},"end":{"line":69,"column":1}},"line":60},"3":{"name":"(anonymous_3)","decl":{"start":{"line":73,"column":31},"end":{"line":73,"column":32}},"loc":{"start":{"line":73,"column":37},"end":{"line":73,"column":40}},"line":73},"4":{"name":"(anonymous_4)","decl":{"start":{"line":74,"column":31},"end":{"line":74,"column":32}},"loc":{"start":{"line":74,"column":37},"end":{"line":74,"column":40}},"line":74},"5":{"name":"(anonymous_5)","decl":{"start":{"line":75,"column":31},"end":{"line":75,"column":32}},"loc":{"start":{"line":75,"column":37},"end":{"line":75,"column":40}},"line":75}},"branchMap":{"0":{"loc":{"start":{"line":18,"column":2},"end":{"line":20,"column":45}},"type":"if","locations":[{"start":{"line":18,"column":2},"end":{"line":20,"column":45}},{"start":{"line":19,"column":7},"end":{"line":20,"column":45}}],"line":18},"1":{"loc":{"start":{"line":19,"column":7},"end":{"line":20,"column":45}},"type":"if","locations":[{"start":{"line":19,"column":7},"end":{"line":20,"column":45}},{"start":{"line":20,"column":7},"end":{"line":20,"column":45}}],"line":19},"2":{"loc":{"start":{"line":20,"column":7},"end":{"line":20,"column":45}},"type":"if","locations":[{"start":{"line":20,"column":7},"end":{"line":20,"column":45}},{"start":{},"end":{}}],"line":20},"3":{"loc":{"start":{"line":48,"column":21},"end":{"line":48,"column":48}},"type":"cond-expr","locations":[{"start":{"line":48,"column":39},"end":{"line":48,"column":42}},{"start":{"line":48,"column":45},"end":{"line":48,"column":48}}],"line":48}},"s":{"0":1,"1":1,"2":1,"3":1,"4":1,"5":1,"6":1,"7":1,"8":1,"9":1,"10":8,"11":2,"12":6,"13":2,"14":4,"15":4,"16":1,"17":2,"18":2,"19":2,"20":2,"21":0,"22":0,"23":2,"24":2,"25":2,"26":2,"27":0,"28":0,"29":2,"30":2,"31":2,"32":2,"33":1,"34":1,"35":1,"36":1,"37":1,"38":1,"39":1,"40":1},"f":{"0":8,"1":2,"2":1,"3":0,"4":0,"5":0},"b":{"0":[2,6],"1":[2,4],"2":[4,0],"3":[2,0]},"_coverageSchema":"1a1c01bbd47fc00a2c39e90264f33305004495a9","hash":"3016755ebe4a3028c8ab5844b4ab53f9a3961a9a"}
}
