TN:
SF:src\app.js
FN:19,(anonymous_0)
FN:21,(anonymous_1)
FN:34,(anonymous_2)
FN:44,redisRateLimiter
FNF:4
FNH:4
FNDA:17,(anonymous_0)
FNDA:17,(anonymous_1)
FNDA:17,(anonymous_2)
FNDA:7,redisRateLimiter
DA:1,1
DA:2,1
DA:3,1
DA:4,1
DA:5,1
DA:6,1
DA:7,1
DA:8,1
DA:9,1
DA:11,1
DA:12,1
DA:13,1
DA:16,1
DA:19,1
DA:20,17
DA:21,17
DA:22,17
DA:23,17
DA:24,17
DA:25,17
DA:26,1
DA:29,17
DA:33,1
DA:34,1
DA:35,17
DA:36,16
DA:38,1
DA:45,7
DA:46,7
DA:47,0
DA:50,7
DA:51,7
DA:52,7
DA:54,7
DA:56,7
DA:57,7
DA:58,7
DA:59,7
DA:60,7
DA:61,7
DA:63,7
DA:64,7
DA:65,1
DA:68,0
DA:72,6
DA:76,1
DA:78,1
DA:79,1
DA:80,1
DA:82,1
DA:83,1
LF:51
LH:49
BRDA:25,0,0,1
BRDA:25,0,1,16
BRDA:35,1,0,16
BRDA:35,1,1,1
BRDA:35,2,0,17
BRDA:35,2,1,3
BRDA:46,3,0,0
BRDA:46,3,1,7
BRDA:64,4,0,1
BRDA:64,4,1,6
BRF:10
BRH:9
end_of_record
TN:
SF:src\auth.js
FN:4,signToken
FN:8,verifyToken
FNF:2
FNH:1
FNDA:4,signToken
FNDA:0,verifyToken
DA:1,1
DA:2,1
DA:5,4
DA:9,0
DA:10,0
DA:12,0
DA:16,1
LF:7
LH:4
BRF:0
BRH:0
end_of_record
TN:
SF:src\config.js
FNF:0
FNH:0
DA:1,1
DA:3,1
DA:5,1
LF:3
LH:3
BRDA:6,0,0,1
BRDA:6,0,1,1
BRDA:7,1,0,1
BRDA:7,1,1,1
BRDA:8,2,0,1
BRDA:8,2,1,1
BRDA:9,3,0,1
BRDA:9,3,1,0
BRF:8
BRH:7
end_of_record
TN:
SF:src\db.js
FN:9,init
FN:34,(anonymous_1)
FN:39,(anonymous_2)
FNF:3
FNH:2
FNDA:1,init
FNDA:0,(anonymous_1)
FNDA:13,(anonymous_2)
DA:1,1
DA:2,1
DA:4,1
DA:10,1
DA:20,1
DA:28,1
DA:34,1
DA:35,0
DA:38,1
DA:39,13
LF:10
LH:9
BRF:0
BRH:0
end_of_record
TN:
SF:src\serviceState.js
FN:3,isAlive
FN:7,kill
FN:11,revive
FNF:3
FNH:3
FNDA:17,isAlive
FNDA:1,kill
FNDA:1,revive
DA:1,1
DA:4,17
DA:8,1
DA:12,1
DA:15,1
LF:5
LH:5
BRF:0
BRH:0
end_of_record
TN:
SF:src\students.js
FN:4,createStudent
FN:20,findStudent
FNF:2
FNH:2
FNDA:3,createStudent
FNDA:6,findStudent
DA:1,1
DA:5,3
DA:6,3
DA:10,2
DA:12,1
DA:13,1
DA:15,0
DA:21,6
DA:25,6
DA:28,1
LF:10
LH:9
BRDA:12,0,0,1
BRDA:12,0,1,0
BRDA:25,1,0,6
BRDA:25,1,1,0
BRF:4
BRH:2
end_of_record
TN:
SF:src\routes\admin.js
FN:9,(anonymous_0)
FN:14,(anonymous_1)
FNF:2
FNH:2
FNDA:1,(anonymous_0)
FNDA:1,(anonymous_1)
DA:1,1
DA:2,1
DA:4,1
DA:9,1
DA:10,1
DA:11,1
DA:14,1
DA:15,1
DA:16,1
DA:19,1
LF:10
LH:10
BRF:0
BRH:0
end_of_record
TN:
SF:src\routes\auth.js
FN:10,(anonymous_0)
FN:26,(anonymous_1)
FNF:2
FNH:2
FNDA:4,(anonymous_0)
FNDA:6,(anonymous_1)
DA:1,1
DA:2,1
DA:3,1
DA:4,1
DA:5,1
DA:7,1
DA:10,1
DA:11,4
DA:12,4
DA:13,1
DA:15,3
DA:16,3
DA:17,3
DA:18,1
DA:20,2
DA:21,2
DA:22,2
DA:26,1
DA:27,6
DA:28,6
DA:29,0
DA:31,6
DA:32,6
DA:33,0
DA:34,0
DA:36,6
DA:37,6
DA:38,4
DA:39,4
DA:41,2
DA:42,2
DA:43,2
DA:46,1
LF:33
LH:30
BRDA:12,0,0,1
BRDA:12,0,1,3
BRDA:12,1,0,4
BRDA:12,1,1,4
BRDA:12,1,2,3
BRDA:17,2,0,1
BRDA:17,2,1,2
BRDA:28,3,0,0
BRDA:28,3,1,6
BRDA:28,4,0,6
BRDA:28,4,1,6
BRDA:32,5,0,0
BRDA:32,5,1,6
BRDA:37,6,0,4
BRDA:37,6,1,2
BRF:15
BRH:13
end_of_record
TN:
SF:src\routes\monitor.js
FN:21,increment
FN:27,recordRequest
FN:37,recordFailure
FN:41,recordLatency
FN:48,getOrdersPerMinute
FN:50,(anonymous_5)
FN:54,getAverageLatency
FN:56,(anonymous_7)
FN:60,getP99Latency
FN:62,(anonymous_9)
FN:68,(anonymous_10)
FN:102,(anonymous_11)
FNF:12
FNH:12
FNDA:8,increment
FNDA:17,recordRequest
FNDA:1,recordFailure
FNDA:17,recordLatency
FNDA:1,getOrdersPerMinute
FNDA:11,(anonymous_5)
FNDA:1,getAverageLatency
FNDA:11,(anonymous_7)
FNDA:1,getP99Latency
FNDA:27,(anonymous_9)
FNDA:2,(anonymous_10)
FNDA:1,(anonymous_11)
DA:1,1
DA:2,1
DA:3,1
DA:4,1
DA:6,1
DA:8,1
DA:9,1
DA:10,1
DA:12,1
DA:13,1
DA:14,1
DA:15,1
DA:16,1
DA:19,1
DA:22,8
DA:23,6
DA:24,4
DA:28,17
DA:29,17
DA:30,17
DA:32,17
DA:33,0
DA:38,1
DA:42,17
DA:43,17
DA:44,0
DA:49,1
DA:50,11
DA:51,1
DA:55,1
DA:56,11
DA:57,1
DA:61,1
DA:62,27
DA:63,1
DA:64,1
DA:68,1
DA:69,2
DA:70,2
DA:73,2
DA:74,2
DA:76,0
DA:77,0
DA:81,2
DA:82,2
DA:83,2
DA:84,2
DA:86,0
DA:87,0
DA:90,2
DA:91,2
DA:93,2
DA:102,1
DA:103,1
DA:104,1
DA:120,1
DA:121,1
DA:122,1
DA:123,1
DA:124,1
LF:60
LH:54
BRDA:22,0,0,2
BRDA:22,0,1,6
BRDA:23,1,0,2
BRDA:23,1,1,4
BRDA:24,2,0,4
BRDA:24,2,1,0
BRDA:32,3,0,17
BRDA:32,3,1,17
BRDA:43,4,0,0
BRDA:43,4,1,17
BRDA:55,5,0,0
BRDA:55,5,1,1
BRDA:61,6,0,0
BRDA:61,6,1,1
BRDA:91,7,0,2
BRDA:91,7,1,0
BRF:16
BRH:11
end_of_record
