TN:
SF:src\app.js
FN:19,(anonymous_0)
FN:21,(anonymous_1)
FN:34,(anonymous_2)
FN:44,redisRateLimiter
FNF:4
FNH:0
FNDA:0,(anonymous_0)
FNDA:0,(anonymous_1)
FNDA:0,(anonymous_2)
FNDA:0,redisRateLimiter
DA:1,1
DA:2,1
DA:3,1
DA:4,1
DA:5,1
DA:6,1
DA:7,1
DA:8,1
DA:9,1
DA:11,1
DA:12,1
DA:13,1
DA:16,1
DA:19,1
DA:20,0
DA:21,0
DA:22,0
DA:23,0
DA:24,0
DA:25,0
DA:26,0
DA:29,0
DA:33,1
DA:34,1
DA:35,0
DA:36,0
DA:38,0
DA:45,0
DA:46,0
DA:47,0
DA:50,0
DA:51,0
DA:52,0
DA:54,0
DA:56,0
DA:57,0
DA:58,0
DA:59,0
DA:60,0
DA:61,0
DA:63,0
DA:64,0
DA:65,0
DA:68,0
DA:72,0
DA:76,1
DA:78,1
DA:79,1
DA:80,1
DA:82,1
DA:83,1
LF:51
LH:22
BRDA:25,0,0,0
BRDA:25,0,1,0
BRDA:35,1,0,0
BRDA:35,1,1,0
BRDA:35,2,0,0
BRDA:35,2,1,0
BRDA:46,3,0,0
BRDA:46,3,1,0
BRDA:64,4,0,0
BRDA:64,4,1,0
BRF:10
BRH:0
end_of_record
TN:
SF:src\auth.js
FN:4,signToken
FN:8,verifyToken
FNF:2
FNH:0
FNDA:0,signToken
FNDA:0,verifyToken
DA:1,1
DA:2,1
DA:5,0
DA:9,0
DA:10,0
DA:12,0
DA:16,1
LF:7
LH:3
BRF:0
BRH:0
end_of_record
TN:
SF:src\config.js
FNF:0
FNH:0
DA:1,1
DA:3,1
DA:5,1
LF:3
LH:3
BRDA:6,0,0,1
BRDA:6,0,1,1
BRDA:7,1,0,1
BRDA:7,1,1,1
BRDA:8,2,0,1
BRDA:8,2,1,1
BRDA:9,3,0,1
BRDA:9,3,1,1
BRF:8
BRH:8
end_of_record
TN:
SF:src\db.js
FN:9,init
FN:34,(anonymous_1)
FN:39,(anonymous_2)
FNF:3
FNH:3
FNDA:1,init
FNDA:1,(anonymous_1)
FNDA:1,(anonymous_2)
DA:1,1
DA:2,1
DA:4,1
DA:10,1
DA:20,0
DA:28,0
DA:34,1
DA:35,1
DA:38,1
DA:39,1
LF:10
LH:8
BRF:0
BRH:0
end_of_record
TN:
SF:src\serviceState.js
FN:3,isAlive
FN:7,kill
FN:11,revive
FNF:3
FNH:0
FNDA:0,isAlive
FNDA:0,kill
FNDA:0,revive
DA:1,1
DA:4,0
DA:8,0
DA:12,0
DA:15,1
LF:5
LH:2
BRF:0
BRH:0
end_of_record
TN:
SF:src\students.js
FN:4,createStudent
FN:20,findStudent
FNF:2
FNH:0
FNDA:0,createStudent
FNDA:0,findStudent
DA:1,1
DA:5,0
DA:6,0
DA:10,0
DA:12,0
DA:13,0
DA:15,0
DA:21,0
DA:25,0
DA:28,1
LF:10
LH:2
BRDA:12,0,0,0
BRDA:12,0,1,0
BRDA:25,1,0,0
BRDA:25,1,1,0
BRF:4
BRH:0
end_of_record
TN:
SF:src\routes\admin.js
FN:9,(anonymous_0)
FN:14,(anonymous_1)
FNF:2
FNH:0
FNDA:0,(anonymous_0)
FNDA:0,(anonymous_1)
DA:1,1
DA:2,1
DA:4,1
DA:9,1
DA:10,0
DA:11,0
DA:14,1
DA:15,0
DA:16,0
DA:19,1
LF:10
LH:6
BRF:0
BRH:0
end_of_record
TN:
SF:src\routes\auth.js
FN:10,(anonymous_0)
FN:26,(anonymous_1)
FNF:2
FNH:0
FNDA:0,(anonymous_0)
FNDA:0,(anonymous_1)
DA:1,1
DA:2,1
DA:3,1
DA:4,1
DA:5,1
DA:7,1
DA:10,1
DA:11,0
DA:12,0
DA:13,0
DA:15,0
DA:16,0
DA:17,0
DA:18,0
DA:20,0
DA:21,0
DA:22,0
DA:26,1
DA:27,0
DA:28,0
DA:29,0
DA:31,0
DA:32,0
DA:33,0
DA:34,0
DA:36,0
DA:37,0
DA:38,0
DA:39,0
DA:41,0
DA:42,0
DA:43,0
DA:46,1
LF:33
LH:9
BRDA:12,0,0,0
BRDA:12,0,1,0
BRDA:12,1,0,0
BRDA:12,1,1,0
BRDA:12,1,2,0
BRDA:17,2,0,0
BRDA:17,2,1,0
BRDA:28,3,0,0
BRDA:28,3,1,0
BRDA:28,4,0,0
BRDA:28,4,1,0
BRDA:32,5,0,0
BRDA:32,5,1,0
BRDA:37,6,0,0
BRDA:37,6,1,0
BRF:15
BRH:0
end_of_record
TN:
SF:src\routes\monitor.js
FN:21,increment
FN:27,recordRequest
FN:37,recordFailure
FN:41,recordLatency
FN:48,getOrdersPerMinute
FN:50,(anonymous_5)
FN:54,getAverageLatency
FN:56,(anonymous_7)
FN:60,getP99Latency
FN:62,(anonymous_9)
FN:68,(anonymous_10)
FN:102,(anonymous_11)
FNF:12
FNH:0
FNDA:0,increment
FNDA:0,recordRequest
FNDA:0,recordFailure
FNDA:0,recordLatency
FNDA:0,getOrdersPerMinute
FNDA:0,(anonymous_5)
FNDA:0,getAverageLatency
FNDA:0,(anonymous_7)
FNDA:0,getP99Latency
FNDA:0,(anonymous_9)
FNDA:0,(anonymous_10)
FNDA:0,(anonymous_11)
DA:1,1
DA:2,1
DA:3,1
DA:4,1
DA:6,1
DA:8,1
DA:9,1
DA:10,1
DA:12,1
DA:13,1
DA:14,1
DA:15,1
DA:16,1
DA:19,1
DA:22,0
DA:23,0
DA:24,0
DA:28,0
DA:29,0
DA:30,0
DA:32,0
DA:33,0
DA:38,0
DA:42,0
DA:43,0
DA:44,0
DA:49,0
DA:50,0
DA:51,0
DA:55,0
DA:56,0
DA:57,0
DA:61,0
DA:62,0
DA:63,0
DA:64,0
DA:68,1
DA:69,0
DA:70,0
DA:73,0
DA:74,0
DA:76,0
DA:77,0
DA:81,0
DA:82,0
DA:83,0
DA:84,0
DA:86,0
DA:87,0
DA:90,0
DA:91,0
DA:93,0
DA:102,1
DA:103,0
DA:104,0
DA:120,1
DA:121,1
DA:122,1
DA:123,1
DA:124,1
LF:60
LH:21
BRDA:22,0,0,0
BRDA:22,0,1,0
BRDA:23,1,0,0
BRDA:23,1,1,0
BRDA:24,2,0,0
BRDA:24,2,1,0
BRDA:32,3,0,0
BRDA:32,3,1,0
BRDA:43,4,0,0
BRDA:43,4,1,0
BRDA:55,5,0,0
BRDA:55,5,1,0
BRDA:61,6,0,0
BRDA:61,6,1,0
BRDA:91,7,0,0
BRDA:91,7,1,0
BRF:16
BRH:0
end_of_record
